0 info it worked if it ends with ok
1 verbose cli [ 'C:\\Program Files\\nodejs\\node.exe',
1 verbose cli   'C:\\Program Files\\nodejs\\node_modules\\npm\\bin\\npm-cli.js',
1 verbose cli   'install',
1 verbose cli   'gmsmith' ]
2 info using npm@2.14.7
3 info using node@v4.2.0
4 verbose install initial load of F:\git\live1\active\package.json
5 verbose installManyTop reading scoped package data from F:\git\live1\active\node_modules\autoprefixer-core\package.json
6 verbose installManyTop reading scoped package data from F:\git\live1\active\node_modules\grunt\package.json
7 verbose installManyTop reading scoped package data from F:\git\live1\active\node_modules\grunt-concurrent\package.json
8 verbose installManyTop reading scoped package data from F:\git\live1\active\node_modules\grunt-contrib-clean\package.json
9 verbose installManyTop reading scoped package data from F:\git\live1\active\node_modules\grunt-contrib-concat\package.json
10 verbose installManyTop reading scoped package data from F:\git\live1\active\node_modules\grunt-contrib-connect\package.json
11 verbose installManyTop reading scoped package data from F:\git\live1\active\node_modules\grunt-contrib-copy\package.json
12 verbose installManyTop reading scoped package data from F:\git\live1\active\node_modules\grunt-contrib-cssmin\package.json
13 verbose installManyTop reading scoped package data from F:\git\live1\active\node_modules\grunt-contrib-htmlmin\package.json
14 verbose installManyTop reading scoped package data from F:\git\live1\active\node_modules\grunt-contrib-less\package.json
15 verbose installManyTop reading scoped package data from F:\git\live1\active\node_modules\grunt-contrib-uglify\package.json
16 verbose installManyTop reading scoped package data from F:\git\live1\active\node_modules\grunt-contrib-watch\package.json
17 verbose installManyTop reading scoped package data from F:\git\live1\active\node_modules\grunt-css-sprite\package.json
18 verbose installManyTop reading scoped package data from F:\git\live1\active\node_modules\grunt-filerev\package.json
19 verbose installManyTop reading scoped package data from F:\git\live1\active\node_modules\grunt-import\package.json
20 verbose installManyTop reading scoped package data from F:\git\live1\active\node_modules\grunt-newer\package.json
21 verbose installManyTop reading scoped package data from F:\git\live1\active\node_modules\grunt-postcss\package.json
22 verbose installManyTop reading scoped package data from F:\git\live1\active\node_modules\grunt-replace\package.json
23 verbose installManyTop reading scoped package data from F:\git\live1\active\node_modules\grunt-usemin\package.json
24 verbose installManyTop reading scoped package data from F:\git\live1\active\node_modules\jit-grunt\package.json
25 verbose installManyTop reading scoped package data from F:\git\live1\active\node_modules\time-grunt\package.json
26 info package.json grunt@0.4.5 No license field.
27 info package.json grunt-contrib-clean@0.6.0 No license field.
28 info package.json grunt-contrib-concat@0.5.1 No license field.
29 info package.json grunt-contrib-cssmin@0.12.3 No license field.
30 info package.json grunt-contrib-connect@0.9.0 No license field.
31 info package.json grunt-contrib-copy@0.7.0 No license field.
32 info package.json grunt-contrib-htmlmin@0.4.0 No license field.
33 info package.json grunt-contrib-watch@0.6.1 No license field.
34 info package.json grunt-contrib-uglify@0.7.0 No license field.
35 info package.json grunt-import@0.1.7 No license field.
36 info package.json grunt-filerev@2.3.1 license should be a valid SPDX license expression
37 info package.json grunt-css-sprite@0.2.2 No license field.
38 verbose readDependencies loading dependencies from F:\git\live1\active\package.json
39 silly cache add args [ 'gmsmith', null ]
40 verbose cache add spec gmsmith
41 silly cache add parsed spec Result {
41 silly cache add   raw: 'gmsmith',
41 silly cache add   scope: null,
41 silly cache add   name: 'gmsmith',
41 silly cache add   rawSpec: '',
41 silly cache add   spec: '*',
41 silly cache add   type: 'range' }
42 silly addNamed gmsmith@*
43 verbose addNamed "*" is a valid semver range for gmsmith
44 silly addNameRange { name: 'gmsmith', range: '*', hasData: false }
45 silly mapToRegistry name gmsmith
46 silly mapToRegistry using default registry
47 silly mapToRegistry registry https://registry.npmjs.org/
48 silly mapToRegistry uri https://registry.npmjs.org/gmsmith
49 verbose addNameRange registry:https://registry.npmjs.org/gmsmith not in flight; fetching
50 verbose request uri https://registry.npmjs.org/gmsmith
51 verbose request no auth needed
52 info attempt registry request try #1 at 11:56:30
53 verbose request id e2fcf02c622bbc28
54 verbose etag "H1SVKQE1FJNJCQ1N4HGV576O"
55 http request GET https://registry.npmjs.org/gmsmith
56 http 304 https://registry.npmjs.org/gmsmith
57 verbose headers { date: 'Mon, 06 Jun 2016 03:57:15 GMT',
57 verbose headers   via: '1.1 varnish',
57 verbose headers   'cache-control': 'max-age=300',
57 verbose headers   etag: '"H1SVKQE1FJNJCQ1N4HGV576O"',
57 verbose headers   age: '0',
57 verbose headers   connection: 'keep-alive',
57 verbose headers   'x-served-by': 'cache-ams4130-AMS',
57 verbose headers   'x-cache': 'HIT',
57 verbose headers   'x-cache-hits': '1',
57 verbose headers   'x-timer': 'S1465185435.519010,VS0,VE375',
57 verbose headers   vary: 'Accept-Encoding' }
58 silly get cb [ 304,
58 silly get   { date: 'Mon, 06 Jun 2016 03:57:15 GMT',
58 silly get     via: '1.1 varnish',
58 silly get     'cache-control': 'max-age=300',
58 silly get     etag: '"H1SVKQE1FJNJCQ1N4HGV576O"',
58 silly get     age: '0',
58 silly get     connection: 'keep-alive',
58 silly get     'x-served-by': 'cache-ams4130-AMS',
58 silly get     'x-cache': 'HIT',
58 silly get     'x-cache-hits': '1',
58 silly get     'x-timer': 'S1465185435.519010,VS0,VE375',
58 silly get     vary: 'Accept-Encoding' } ]
59 verbose etag https://registry.npmjs.org/gmsmith from cache
60 verbose get saving gmsmith to C:\Users\Administrator\AppData\Roaming\npm-cache\registry.npmjs.org\gmsmith\.cache.json
61 silly addNameRange number 2 { name: 'gmsmith', range: '*', hasData: true }
62 silly addNameRange versions [ 'gmsmith',
62 silly addNameRange   [ '0.1.0',
62 silly addNameRange     '0.1.1',
62 silly addNameRange     '0.1.3',
62 silly addNameRange     '0.2.0',
62 silly addNameRange     '0.2.1',
62 silly addNameRange     '0.2.3',
62 silly addNameRange     '0.3.0',
62 silly addNameRange     '0.4.0',
62 silly addNameRange     '0.4.1',
62 silly addNameRange     '0.4.2',
62 silly addNameRange     '0.4.3',
62 silly addNameRange     '0.4.4',
62 silly addNameRange     '0.4.5',
62 silly addNameRange     '0.5.0',
62 silly addNameRange     '0.5.1',
62 silly addNameRange     '0.5.2',
62 silly addNameRange     '0.5.3',
62 silly addNameRange     '0.5.4',
62 silly addNameRange     '0.6.0',
62 silly addNameRange     '0.6.1',
62 silly addNameRange     '0.6.2',
62 silly addNameRange     '0.6.3',
62 silly addNameRange     '0.6.4',
62 silly addNameRange     '1.0.0',
62 silly addNameRange     '1.0.1',
62 silly addNameRange     '1.1.0',
62 silly addNameRange     '1.1.1',
62 silly addNameRange     '1.1.2' ] ]
63 silly addNamed gmsmith@1.1.2
64 verbose addNamed "1.1.2" is a plain semver version for gmsmith
65 silly mapToRegistry name gmsmith
66 silly mapToRegistry using default registry
67 silly mapToRegistry registry https://registry.npmjs.org/
68 silly mapToRegistry uri https://registry.npmjs.org/gmsmith
69 verbose addRemoteTarball https://registry.npmjs.org/gmsmith/-/gmsmith-1.1.2.tgz not in flight; adding
70 verbose addRemoteTarball [ 'https://registry.npmjs.org/gmsmith/-/gmsmith-1.1.2.tgz',
70 verbose addRemoteTarball   'dfad06a5d2307630bf758c92c067c708b53dbf40' ]
71 info retry fetch attempt 1 at 11:57:14
72 info attempt registry request try #1 at 11:57:14
73 http fetch GET https://registry.npmjs.org/gmsmith/-/gmsmith-1.1.2.tgz
74 http fetch 200 https://registry.npmjs.org/gmsmith/-/gmsmith-1.1.2.tgz
75 silly fetchAndShaCheck shasum dfad06a5d2307630bf758c92c067c708b53dbf40
76 verbose addTmpTarball C:\Users\ADMINI~1\AppData\Local\Temp\npm-11388-6d7948c1\registry.npmjs.org\gmsmith\-\gmsmith-1.1.2.tgz not in flight; adding
77 verbose addTmpTarball already have metadata; skipping unpack for gmsmith@1.1.2
78 silly cache afterAdd gmsmith@1.1.2
79 verbose afterAdd C:\Users\Administrator\AppData\Roaming\npm-cache\gmsmith\1.1.2\package\package.json not in flight; writing
80 verbose afterAdd C:\Users\Administrator\AppData\Roaming\npm-cache\gmsmith\1.1.2\package\package.json written
81 silly install resolved [ { name: 'gmsmith',
81 silly install resolved     description: 'GM engine for spritesmith',
81 silly install resolved     version: '1.1.2',
81 silly install resolved     homepage: 'https://github.com/twolfson/gmsmith',
81 silly install resolved     author:
81 silly install resolved      { name: 'Todd Wolfson',
81 silly install resolved        email: 'todd@twolfson.com',
81 silly install resolved        url: 'http://twolfson.com/' },
81 silly install resolved     repository: { type: 'git', url: 'git://github.com/twolfson/gmsmith.git' },
81 silly install resolved     bugs: { url: 'https://github.com/twolfson/gmsmith/issues' },
81 silly install resolved     license: 'MIT',
81 silly install resolved     main: 'lib/engine',
81 silly install resolved     engines: { node: '>= 0.10.0' },
81 silly install resolved     scripts:
81 silly install resolved      { lint: 'twolfson-style lint lib/ test/',
81 silly install resolved        precheck: 'twolfson-style precheck lib/ test/',
81 silly install resolved        preinstall: 'gm -version || convert -version',
81 silly install resolved        pretest: 'twolfson-style install',
81 silly install resolved        test: 'npm run precheck && mocha --reporter dot --timeout 60000 && npm run lint' },
81 silly install resolved     dependencies:
81 silly install resolved      { async: '~1.5.2',
81 silly install resolved        gm: '~1.21.1',
81 silly install resolved        'obj-extend': '~0.1.0',
81 silly install resolved        which: '~1.2.4' },
81 silly install resolved     devDependencies:
81 silly install resolved      { foundry: '~4.3.2',
81 silly install resolved        'foundry-release-git': '~2.0.2',
81 silly install resolved        'foundry-release-npm': '~2.0.2',
81 silly install resolved        jscs: '~2.11.0',
81 silly install resolved        jshint: '~2.9.0',
81 silly install resolved        mocha: '~2.4.5',
81 silly install resolved        'spritesmith-engine-test': '~4.0.0',
81 silly install resolved        'twolfson-style': '~1.6.1' },
81 silly install resolved     keywords: [ 'spritesmith', 'image', 'spritesmith-engine' ],
81 silly install resolved     foundry: { registerVersion: '0.1.0', releaseCommands: [Object] },
81 silly install resolved     gitHead: '568a81110996e402ca53b284512c75f9f3f4dce4',
81 silly install resolved     _id: 'gmsmith@1.1.2',
81 silly install resolved     _shasum: 'dfad06a5d2307630bf758c92c067c708b53dbf40',
81 silly install resolved     _from: 'gmsmith@*',
81 silly install resolved     _npmVersion: '2.15.3',
81 silly install resolved     _nodeVersion: '4.4.3',
81 silly install resolved     _npmUser: { name: 'twolfson', email: 'todd@twolfson.com' },
81 silly install resolved     dist:
81 silly install resolved      { shasum: 'dfad06a5d2307630bf758c92c067c708b53dbf40',
81 silly install resolved        tarball: 'https://registry.npmjs.org/gmsmith/-/gmsmith-1.1.2.tgz' },
81 silly install resolved     maintainers: [ [Object] ],
81 silly install resolved     _npmOperationalInternal:
81 silly install resolved      { host: 'packages-16-east.internal.npmjs.com',
81 silly install resolved        tmp: 'tmp/gmsmith-1.1.2.tgz_1462744712210_0.4240186756942421' },
81 silly install resolved     directories: {},
81 silly install resolved     _resolved: 'https://registry.npmjs.org/gmsmith/-/gmsmith-1.1.2.tgz' } ]
82 info install gmsmith@1.1.2 into F:\git\live1\active
83 info installOne gmsmith@1.1.2
84 verbose installOne of gmsmith to F:\git\live1\active not in flight; installing
85 verbose lock using C:\Users\Administrator\AppData\Roaming\npm-cache\_locks\gmsmith-df58a1ddceeb86ee.lock for F:\git\live1\active\node_modules\gmsmith
86 silly install write writing gmsmith 1.1.2 to F:\git\live1\active\node_modules\gmsmith
87 verbose unbuild node_modules\gmsmith
88 silly gentlyRm F:\git\live1\active\node_modules\gmsmith is being purged from base F:\git\live1\active
89 verbose gentlyRm don't care about contents; nuking F:\git\live1\active\node_modules\gmsmith
90 verbose tar unpack C:\Users\Administrator\AppData\Roaming\npm-cache\gmsmith\1.1.2\package.tgz
91 verbose tar unpacking to F:\git\live1\active\node_modules\gmsmith
92 silly gentlyRm F:\git\live1\active\node_modules\gmsmith is being purged
93 verbose gentlyRm don't care about contents; nuking F:\git\live1\active\node_modules\gmsmith
94 silly gunzTarPerm modes [ '777', '666' ]
95 silly gunzTarPerm extractEntry package.json
96 silly gunzTarPerm modified mode [ 'package.json', 420, 438 ]
97 silly gunzTarPerm extractEntry .npmignore
98 silly gunzTarPerm modified mode [ '.npmignore', 420, 438 ]
99 silly gunzTarPerm extractEntry README.md
100 silly gunzTarPerm modified mode [ 'README.md', 420, 438 ]
101 silly gunzTarPerm extractEntry LICENSE-MIT
102 silly gunzTarPerm modified mode [ 'LICENSE-MIT', 420, 438 ]
103 silly gunzTarPerm extractEntry .travis.yml
104 silly gunzTarPerm modified mode [ '.travis.yml', 420, 438 ]
105 silly gunzTarPerm extractEntry CHANGELOG.md
106 silly gunzTarPerm modified mode [ 'CHANGELOG.md', 420, 438 ]
107 silly gunzTarPerm extractEntry .jscsrc
108 silly gunzTarPerm modified mode [ '.jscsrc', 420, 438 ]
109 silly gunzTarPerm extractEntry lib/canvas.js
110 silly gunzTarPerm modified mode [ 'lib/canvas.js', 420, 438 ]
111 silly gunzTarPerm extractEntry lib/engine.js
112 silly gunzTarPerm modified mode [ 'lib/engine.js', 420, 438 ]
113 silly gunzTarPerm extractEntry .jshintrc
114 silly gunzTarPerm modified mode [ '.jshintrc', 420, 438 ]
115 silly gunzTarPerm extractEntry test/gmsmith_test.js
116 silly gunzTarPerm modified mode [ 'test/gmsmith_test.js', 420, 438 ]
117 silly gunzTarPerm extractEntry test/install.sh
118 silly gunzTarPerm modified mode [ 'test/install.sh', 493, 511 ]
119 verbose write writing to F:\git\live1\active\node_modules\gmsmith\package.json
120 info preinstall gmsmith@1.1.2
121 verbose unsafe-perm in lifecycle true
122 info gmsmith@1.1.2 Failed to exec preinstall script
123 verbose unlock done using C:\Users\Administrator\AppData\Roaming\npm-cache\_locks\gmsmith-df58a1ddceeb86ee.lock for F:\git\live1\active\node_modules\gmsmith
124 verbose stack Error: gmsmith@1.1.2 preinstall: `gm -version || convert -version`
124 verbose stack Exit status 4
124 verbose stack     at EventEmitter.<anonymous> (C:\Program Files\nodejs\node_modules\npm\lib\utils\lifecycle.js:214:16)
124 verbose stack     at emitTwo (events.js:87:13)
124 verbose stack     at EventEmitter.emit (events.js:172:7)
124 verbose stack     at ChildProcess.<anonymous> (C:\Program Files\nodejs\node_modules\npm\lib\utils\spawn.js:24:14)
124 verbose stack     at emitTwo (events.js:87:13)
124 verbose stack     at ChildProcess.emit (events.js:172:7)
124 verbose stack     at maybeClose (internal/child_process.js:818:16)
124 verbose stack     at Process.ChildProcess._handle.onexit (internal/child_process.js:211:5)
125 verbose pkgid gmsmith@1.1.2
126 verbose cwd F:\git\live1\active
127 error Windows_NT 6.1.7601
128 error argv "C:\\Program Files\\nodejs\\node.exe" "C:\\Program Files\\nodejs\\node_modules\\npm\\bin\\npm-cli.js" "install" "gmsmith"
129 error node v4.2.0
130 error npm  v2.14.7
131 error code ELIFECYCLE
132 error gmsmith@1.1.2 preinstall: `gm -version || convert -version`
132 error Exit status 4
133 error Failed at the gmsmith@1.1.2 preinstall script 'gm -version || convert -version'.
133 error This is most likely a problem with the gmsmith package,
133 error not with npm itself.
133 error Tell the author that this fails on your system:
133 error     gm -version || convert -version
133 error You can get their info via:
133 error     npm owner ls gmsmith
133 error There is likely additional logging output above.
134 verbose exit [ 1, true ]
135 verbose unbuild node_modules\gmsmith
136 info preuninstall gmsmith@1.1.2
137 info uninstall gmsmith@1.1.2
138 verbose unbuild rmStuff gmsmith@1.1.2 from F:\git\live1\active\node_modules
139 info postuninstall gmsmith@1.1.2
140 silly gentlyRm F:\git\live1\active\node_modules\gmsmith is being purged from base F:\git\live1\active
141 verbose gentlyRm don't care about contents; nuking F:\git\live1\active\node_modules\gmsmith
142 silly vacuum-fs purging F:\git\live1\active\node_modules\gmsmith
143 silly vacuum-fs quitting because other entries in F:\git\live1\active\node_modules
